2026-02-04T22:32:26.218Z [console][error] A tree hydrated but some attributes of the server rendered HTML didn't match the client properties. This won't be patched up. This can happen if a SSR-ed Client Component used:

- A server/client branch `if (typeof window !== 'undefined')`.
- Variable input such as `Date.now()` or `Math.random()` which changes each time it's called.
- Date formatting in a user's locale which doesn't match the server.
- External changing data without sending a snapshot of it along with the HTML.
- Invalid HTML tag nesting.

It can also happen if the client has a browser extension installed which messes with the HTML before React loaded.

%s%s https://react.dev/link/hydration-mismatch 

  ...
    <InnerScrollAndFocusHandler segmentPath={[...]} focusAndScrollRef={{apply:false, ...}}>
      <ErrorBoundary errorComponent={undefined} errorStyles={undefined} errorScripts={undefined}>
        <LoadingBoundary loading={null}>
          <HTTPAccessFallbackBoundary notFound={[...]} forbidden={undefined} unauthorized={undefined}>
            <HTTPAccessFallbackErrorBoundary pathname="/" notFound={[...]} forbidden={undefined} unauthorized={undefined} ...>
              <RedirectBoundary>
                <RedirectErrorBoundary router={{...}}>
                  <InnerLayoutRouter parallelRouterKey="children" url="/" tree={[...]} childNodes={Map} ...>
                    <ClientPageRoot Component={function Home} searchParams={{}} params={{}}>
                      <Home params={Promise} searchParams={Promise}>
                        <Suspense fallback={<div>}>
                          <HomeContent>
                            <main
                              className="min-h-screen bg-[#05070a]"
-                             data-orchid-ref="ref-1jujj10vxx"
                            >
                              <HeroSection>
                                <section
                                  className="relative flex flex-col items-center pt-[56px] pb-[56px] px-[20px] md:px-[..."
- ...
2026-02-04T22:32:26.923Z [console][error] A tree hydrated but some attributes of the server rendered HTML didn't match the client properties. This won't be patched up. This can happen if a SSR-ed Client Component used:

- A server/client branch `if (typeof window !== 'undefined')`.
- Variable input such as `Date.now()` or `Math.random()` which changes each time it's called.
- Date formatting in a user's locale which doesn't match the server.
- External changing data without sending a snapshot of it along with the HTML.
- Invalid HTML tag nesting.

It can also happen if the client has a browser extension installed which messes with the HTML before React loaded.

%s%s https://react.dev/link/hydration-mismatch 

  ...
    <InnerScrollAndFocusHandler segmentPath={[...]} focusAndScrollRef={{apply:false, ...}}>
      <ErrorBoundary errorComponent={undefined} errorStyles={undefined} errorScripts={undefined}>
        <LoadingBoundary loading={null}>
          <HTTPAccessFallbackBoundary notFound={[...]} forbidden={undefined} unauthorized={undefined}>
            <HTTPAccessFallbackErrorBoundary pathname="/" notFound={[...]} forbidden={undefined} unauthorized={undefined} ...>
              <RedirectBoundary>
                <RedirectErrorBoundary router={{...}}>
                  <InnerLayoutRouter parallelRouterKey="children" url="/" tree={[...]} childNodes={Map} ...>
                    <ClientPageRoot Component={function Home} searchParams={{}} params={{}}>
                      <Home params={Promise} searchParams={Promise}>
                        <Suspense fallback={<div>}>
                          <HomeContent>
                            <main
                              className="min-h-screen bg-[#05070a]"
-                             data-orchid-ref="ref-1jujj10vxx"
                            >
                              <HeroSection>
                                <section
                                  className="relative flex flex-col items-center pt-[56px] pb-[56px] px-[20px] md:px-[..."
- ...
2026-02-04T22:32:27.591Z [console][error] A tree hydrated but some attributes of the server rendered HTML didn't match the client properties. This won't be patched up. This can happen if a SSR-ed Client Component used:

- A server/client branch `if (typeof window !== 'undefined')`.
- Variable input such as `Date.now()` or `Math.random()` which changes each time it's called.
- Date formatting in a user's locale which doesn't match the server.
- External changing data without sending a snapshot of it along with the HTML.
- Invalid HTML tag nesting.

It can also happen if the client has a browser extension installed which messes with the HTML before React loaded.

%s%s https://react.dev/link/hydration-mismatch 

  ...
    <InnerScrollAndFocusHandler segmentPath={[...]} focusAndScrollRef={{apply:false, ...}}>
      <ErrorBoundary errorComponent={undefined} errorStyles={undefined} errorScripts={undefined}>
        <LoadingBoundary loading={null}>
          <HTTPAccessFallbackBoundary notFound={[...]} forbidden={undefined} unauthorized={undefined}>
            <HTTPAccessFallbackErrorBoundary pathname="/" notFound={[...]} forbidden={undefined} unauthorized={undefined} ...>
              <RedirectBoundary>
                <RedirectErrorBoundary router={{...}}>
                  <InnerLayoutRouter parallelRouterKey="children" url="/" tree={[...]} childNodes={Map} ...>
                    <ClientPageRoot Component={function Home} searchParams={{}} params={{}}>
                      <Home params={Promise} searchParams={Promise}>
                        <Suspense fallback={<div>}>
                          <HomeContent>
                            <main
                              className="min-h-screen bg-[#05070a]"
-                             data-orchid-ref="ref-1jujj10vxx"
                            >
                              <HeroSection>
                                <section
                                  className="relative flex flex-col items-center pt-[56px] pb-[56px] px-[20px] md:px-[..."
- ...
2026-02-04T22:32:28.193Z [console][error] A tree hydrated but some attributes of the server rendered HTML didn't match the client properties. This won't be patched up. This can happen if a SSR-ed Client Component used:

- A server/client branch `if (typeof window !== 'undefined')`.
- Variable input such as `Date.now()` or `Math.random()` which changes each time it's called.
- Date formatting in a user's locale which doesn't match the server.
- External changing data without sending a snapshot of it along with the HTML.
- Invalid HTML tag nesting.

It can also happen if the client has a browser extension installed which messes with the HTML before React loaded.

%s%s https://react.dev/link/hydration-mismatch 

  ...
    <InnerScrollAndFocusHandler segmentPath={[...]} focusAndScrollRef={{apply:false, ...}}>
      <ErrorBoundary errorComponent={undefined} errorStyles={undefined} errorScripts={undefined}>
        <LoadingBoundary loading={null}>
          <HTTPAccessFallbackBoundary notFound={[...]} forbidden={undefined} unauthorized={undefined}>
            <HTTPAccessFallbackErrorBoundary pathname="/" notFound={[...]} forbidden={undefined} unauthorized={undefined} ...>
              <RedirectBoundary>
                <RedirectErrorBoundary router={{...}}>
                  <InnerLayoutRouter parallelRouterKey="children" url="/" tree={[...]} childNodes={Map} ...>
                    <ClientPageRoot Component={function Home} searchParams={{}} params={{}}>
                      <Home params={Promise} searchParams={Promise}>
                        <Suspense fallback={<div>}>
                          <HomeContent>
                            <main
                              className="min-h-screen bg-[#05070a]"
-                             data-orchid-ref="ref-1jujj10vxx"
                            >
                              <HeroSection>
                                <section
                                  className="relative flex flex-col items-center pt-[56px] pb-[56px] px-[20px] md:px-[..."
- ...
2026-02-04T22:32:28.892Z [console][error] A tree hydrated but some attributes of the server rendered HTML didn't match the client properties. This won't be patched up. This can happen if a SSR-ed Client Component used:

- A server/client branch `if (typeof window !== 'undefined')`.
- Variable input such as `Date.now()` or `Math.random()` which changes each time it's called.
- Date formatting in a user's locale which doesn't match the server.
- External changing data without sending a snapshot of it along with the HTML.
- Invalid HTML tag nesting.

It can also happen if the client has a browser extension installed which messes with the HTML before React loaded.

%s%s https://react.dev/link/hydration-mismatch 

  ...
    <InnerScrollAndFocusHandler segmentPath={[...]} focusAndScrollRef={{apply:false, ...}}>
      <ErrorBoundary errorComponent={undefined} errorStyles={undefined} errorScripts={undefined}>
        <LoadingBoundary loading={null}>
          <HTTPAccessFallbackBoundary notFound={[...]} forbidden={undefined} unauthorized={undefined}>
            <HTTPAccessFallbackErrorBoundary pathname="/" notFound={[...]} forbidden={undefined} unauthorized={undefined} ...>
              <RedirectBoundary>
                <RedirectErrorBoundary router={{...}}>
                  <InnerLayoutRouter parallelRouterKey="children" url="/" tree={[...]} childNodes={Map} ...>
                    <ClientPageRoot Component={function Home} searchParams={{}} params={{}}>
                      <Home params={Promise} searchParams={Promise}>
                        <Suspense fallback={<div>}>
                          <HomeContent>
                            <main
                              className="min-h-screen bg-[#05070a]"
-                             data-orchid-ref="ref-1jujj10vxx"
                            >
                              <HeroSection>
                                <section
                                  className="relative flex flex-col items-center pt-[56px] pb-[56px] px-[20px] md:px-[..."
- ...
2026-02-04T22:32:29.515Z [console][error] A tree hydrated but some attributes of the server rendered HTML didn't match the client properties. This won't be patched up. This can happen if a SSR-ed Client Component used:

- A server/client branch `if (typeof window !== 'undefined')`.
- Variable input such as `Date.now()` or `Math.random()` which changes each time it's called.
- Date formatting in a user's locale which doesn't match the server.
- External changing data without sending a snapshot of it along with the HTML.
- Invalid HTML tag nesting.

It can also happen if the client has a browser extension installed which messes with the HTML before React loaded.

%s%s https://react.dev/link/hydration-mismatch 

  ...
    <InnerScrollAndFocusHandler segmentPath={[...]} focusAndScrollRef={{apply:false, ...}}>
      <ErrorBoundary errorComponent={undefined} errorStyles={undefined} errorScripts={undefined}>
        <LoadingBoundary loading={null}>
          <HTTPAccessFallbackBoundary notFound={[...]} forbidden={undefined} unauthorized={undefined}>
            <HTTPAccessFallbackErrorBoundary pathname="/" notFound={[...]} forbidden={undefined} unauthorized={undefined} ...>
              <RedirectBoundary>
                <RedirectErrorBoundary router={{...}}>
                  <InnerLayoutRouter parallelRouterKey="children" url="/" tree={[...]} childNodes={Map} ...>
                    <ClientPageRoot Component={function Home} searchParams={{}} params={{}}>
                      <Home params={Promise} searchParams={Promise}>
                        <Suspense fallback={<div>}>
                          <HomeContent>
                            <main
                              className="min-h-screen bg-[#05070a]"
-                             data-orchid-ref="ref-1jujj10vxx"
                            >
                              <HeroSection>
                                <section
                                  className="relative flex flex-col items-center pt-[56px] pb-[56px] px-[20px] md:px-[..."
- ...
2026-02-04T22:32:30.124Z [console][error] A tree hydrated but some attributes of the server rendered HTML didn't match the client properties. This won't be patched up. This can happen if a SSR-ed Client Component used:

- A server/client branch `if (typeof window !== 'undefined')`.
- Variable input such as `Date.now()` or `Math.random()` which changes each time it's called.
- Date formatting in a user's locale which doesn't match the server.
- External changing data without sending a snapshot of it along with the HTML.
- Invalid HTML tag nesting.

It can also happen if the client has a browser extension installed which messes with the HTML before React loaded.

%s%s https://react.dev/link/hydration-mismatch 

  ...
    <InnerScrollAndFocusHandler segmentPath={[...]} focusAndScrollRef={{apply:false, ...}}>
      <ErrorBoundary errorComponent={undefined} errorStyles={undefined} errorScripts={undefined}>
        <LoadingBoundary loading={null}>
          <HTTPAccessFallbackBoundary notFound={[...]} forbidden={undefined} unauthorized={undefined}>
            <HTTPAccessFallbackErrorBoundary pathname="/" notFound={[...]} forbidden={undefined} unauthorized={undefined} ...>
              <RedirectBoundary>
                <RedirectErrorBoundary router={{...}}>
                  <InnerLayoutRouter parallelRouterKey="children" url="/" tree={[...]} childNodes={Map} ...>
                    <ClientPageRoot Component={function Home} searchParams={{}} params={{}}>
                      <Home params={Promise} searchParams={Promise}>
                        <Suspense fallback={<div>}>
                          <HomeContent>
                            <main
                              className="min-h-screen bg-[#05070a]"
-                             data-orchid-ref="ref-1jujj10vxx"
                            >
                              <HeroSection>
                                <section
                                  className="relative flex flex-col items-center pt-[56px] pb-[56px] px-[20px] md:px-[..."
- ...
2026-02-04T22:32:30.792Z [console][error] A tree hydrated but some attributes of the server rendered HTML didn't match the client properties. This won't be patched up. This can happen if a SSR-ed Client Component used:

- A server/client branch `if (typeof window !== 'undefined')`.
- Variable input such as `Date.now()` or `Math.random()` which changes each time it's called.
- Date formatting in a user's locale which doesn't match the server.
- External changing data without sending a snapshot of it along with the HTML.
- Invalid HTML tag nesting.

It can also happen if the client has a browser extension installed which messes with the HTML before React loaded.

%s%s https://react.dev/link/hydration-mismatch 

  ...
    <InnerScrollAndFocusHandler segmentPath={[...]} focusAndScrollRef={{apply:false, ...}}>
      <ErrorBoundary errorComponent={undefined} errorStyles={undefined} errorScripts={undefined}>
        <LoadingBoundary loading={null}>
          <HTTPAccessFallbackBoundary notFound={[...]} forbidden={undefined} unauthorized={undefined}>
            <HTTPAccessFallbackErrorBoundary pathname="/" notFound={[...]} forbidden={undefined} unauthorized={undefined} ...>
              <RedirectBoundary>
                <RedirectErrorBoundary router={{...}}>
                  <InnerLayoutRouter parallelRouterKey="children" url="/" tree={[...]} childNodes={Map} ...>
                    <ClientPageRoot Component={function Home} searchParams={{}} params={{}}>
                      <Home params={Promise} searchParams={Promise}>
                        <Suspense fallback={<div>}>
                          <HomeContent>
                            <main
                              className="min-h-screen bg-[#05070a]"
-                             data-orchid-ref="ref-1jujj10vxx"
                            >
                              <HeroSection>
                                <section
                                  className="relative flex flex-col items-center pt-[56px] pb-[56px] px-[20px] md:px-[..."
- ...
2026-02-04T22:32:31.955Z [console][error] A tree hydrated but some attributes of the server rendered HTML didn't match the client properties. This won't be patched up. This can happen if a SSR-ed Client Component used:

- A server/client branch `if (typeof window !== 'undefined')`.
- Variable input such as `Date.now()` or `Math.random()` which changes each time it's called.
- Date formatting in a user's locale which doesn't match the server.
- External changing data without sending a snapshot of it along with the HTML.
- Invalid HTML tag nesting.

It can also happen if the client has a browser extension installed which messes with the HTML before React loaded.

%s%s https://react.dev/link/hydration-mismatch 

  ...
    <InnerScrollAndFocusHandler segmentPath={[...]} focusAndScrollRef={{apply:false, ...}}>
      <ErrorBoundary errorComponent={undefined} errorStyles={undefined} errorScripts={undefined}>
        <LoadingBoundary loading={null}>
          <HTTPAccessFallbackBoundary notFound={[...]} forbidden={undefined} unauthorized={undefined}>
            <HTTPAccessFallbackErrorBoundary pathname="/" notFound={[...]} forbidden={undefined} unauthorized={undefined} ...>
              <RedirectBoundary>
                <RedirectErrorBoundary router={{...}}>
                  <InnerLayoutRouter parallelRouterKey="children" url="/" tree={[...]} childNodes={Map} ...>
                    <ClientPageRoot Component={function Home} searchParams={{}} params={{}}>
                      <Home params={Promise} searchParams={Promise}>
                        <Suspense fallback={<div>}>
                          <HomeContent>
                            <main
                              className="min-h-screen bg-[#05070a]"
-                             data-orchid-ref="ref-1jujj10vxx"
                            >
                              <HeroSection>
                                <section
                                  className="relative flex flex-col items-center pt-[56px] pb-[56px] px-[20px] md:px-[..."
- ...
2026-02-04T22:32:32.590Z [console][error] A tree hydrated but some attributes of the server rendered HTML didn't match the client properties. This won't be patched up. This can happen if a SSR-ed Client Component used:

- A server/client branch `if (typeof window !== 'undefined')`.
- Variable input such as `Date.now()` or `Math.random()` which changes each time it's called.
- Date formatting in a user's locale which doesn't match the server.
- External changing data without sending a snapshot of it along with the HTML.
- Invalid HTML tag nesting.

It can also happen if the client has a browser extension installed which messes with the HTML before React loaded.

%s%s https://react.dev/link/hydration-mismatch 

  ...
    <InnerScrollAndFocusHandler segmentPath={[...]} focusAndScrollRef={{apply:false, ...}}>
      <ErrorBoundary errorComponent={undefined} errorStyles={undefined} errorScripts={undefined}>
        <LoadingBoundary loading={null}>
          <HTTPAccessFallbackBoundary notFound={[...]} forbidden={undefined} unauthorized={undefined}>
            <HTTPAccessFallbackErrorBoundary pathname="/" notFound={[...]} forbidden={undefined} unauthorized={undefined} ...>
              <RedirectBoundary>
                <RedirectErrorBoundary router={{...}}>
                  <InnerLayoutRouter parallelRouterKey="children" url="/" tree={[...]} childNodes={Map} ...>
                    <ClientPageRoot Component={function Home} searchParams={{}} params={{}}>
                      <Home params={Promise} searchParams={Promise}>
                        <Suspense fallback={<div>}>
                          <HomeContent>
                            <main
                              className="min-h-screen bg-[#05070a]"
-                             data-orchid-ref="ref-1jujj10vxx"
                            >
                              <HeroSection>
                                <section
                                  className="relative flex flex-col items-center pt-[56px] pb-[56px] px-[20px] md:px-[..."
- ...
2026-02-04T22:32:33.853Z [console][error] A tree hydrated but some attributes of the server rendered HTML didn't match the client properties. This won't be patched up. This can happen if a SSR-ed Client Component used:

- A server/client branch `if (typeof window !== 'undefined')`.
- Variable input such as `Date.now()` or `Math.random()` which changes each time it's called.
- Date formatting in a user's locale which doesn't match the server.
- External changing data without sending a snapshot of it along with the HTML.
- Invalid HTML tag nesting.

It can also happen if the client has a browser extension installed which messes with the HTML before React loaded.

%s%s https://react.dev/link/hydration-mismatch 

  ...
    <InnerScrollAndFocusHandler segmentPath={[...]} focusAndScrollRef={{apply:false, ...}}>
      <ErrorBoundary errorComponent={undefined} errorStyles={undefined} errorScripts={undefined}>
        <LoadingBoundary loading={null}>
          <HTTPAccessFallbackBoundary notFound={[...]} forbidden={undefined} unauthorized={undefined}>
            <HTTPAccessFallbackErrorBoundary pathname="/" notFound={[...]} forbidden={undefined} unauthorized={undefined} ...>
              <RedirectBoundary>
                <RedirectErrorBoundary router={{...}}>
                  <InnerLayoutRouter parallelRouterKey="children" url="/" tree={[...]} childNodes={Map} ...>
                    <ClientPageRoot Component={function Home} searchParams={{}} params={{}}>
                      <Home params={Promise} searchParams={Promise}>
                        <Suspense fallback={<div>}>
                          <HomeContent>
                            <main
                              className="min-h-screen bg-[#05070a]"
-                             data-orchid-ref="ref-1jujj10vxx"
                            >
                              <HeroSection>
                                <section
                                  className="relative flex flex-col items-center pt-[56px] pb-[56px] px-[20px] md:px-[..."
- ...
2026-02-04T22:32:34.541Z [console][error] A tree hydrated but some attributes of the server rendered HTML didn't match the client properties. This won't be patched up. This can happen if a SSR-ed Client Component used:

- A server/client branch `if (typeof window !== 'undefined')`.
- Variable input such as `Date.now()` or `Math.random()` which changes each time it's called.
- Date formatting in a user's locale which doesn't match the server.
- External changing data without sending a snapshot of it along with the HTML.
- Invalid HTML tag nesting.

It can also happen if the client has a browser extension installed which messes with the HTML before React loaded.

%s%s https://react.dev/link/hydration-mismatch 

  ...
    <InnerScrollAndFocusHandler segmentPath={[...]} focusAndScrollRef={{apply:false, ...}}>
      <ErrorBoundary errorComponent={undefined} errorStyles={undefined} errorScripts={undefined}>
        <LoadingBoundary loading={null}>
          <HTTPAccessFallbackBoundary notFound={[...]} forbidden={undefined} unauthorized={undefined}>
            <HTTPAccessFallbackErrorBoundary pathname="/" notFound={[...]} forbidden={undefined} unauthorized={undefined} ...>
              <RedirectBoundary>
                <RedirectErrorBoundary router={{...}}>
                  <InnerLayoutRouter parallelRouterKey="children" url="/" tree={[...]} childNodes={Map} ...>
                    <ClientPageRoot Component={function Home} searchParams={{}} params={{}}>
                      <Home params={Promise} searchParams={Promise}>
                        <Suspense fallback={<div>}>
                          <HomeContent>
                            <main
                              className="min-h-screen bg-[#05070a]"
-                             data-orchid-ref="ref-1jujj10vxx"
                            >
                              <HeroSection>
                                <section
                                  className="relative flex flex-col items-center pt-[56px] pb-[56px] px-[20px] md:px-[..."
- ...
2026-02-04T22:32:35.364Z [console][error] A tree hydrated but some attributes of the server rendered HTML didn't match the client properties. This won't be patched up. This can happen if a SSR-ed Client Component used:

- A server/client branch `if (typeof window !== 'undefined')`.
- Variable input such as `Date.now()` or `Math.random()` which changes each time it's called.
- Date formatting in a user's locale which doesn't match the server.
- External changing data without sending a snapshot of it along with the HTML.
- Invalid HTML tag nesting.

It can also happen if the client has a browser extension installed which messes with the HTML before React loaded.

%s%s https://react.dev/link/hydration-mismatch 

  ...
    <InnerScrollAndFocusHandler segmentPath={[...]} focusAndScrollRef={{apply:false, ...}}>
      <ErrorBoundary errorComponent={undefined} errorStyles={undefined} errorScripts={undefined}>
        <LoadingBoundary loading={null}>
          <HTTPAccessFallbackBoundary notFound={[...]} forbidden={undefined} unauthorized={undefined}>
            <HTTPAccessFallbackErrorBoundary pathname="/" notFound={[...]} forbidden={undefined} unauthorized={undefined} ...>
              <RedirectBoundary>
                <RedirectErrorBoundary router={{...}}>
                  <InnerLayoutRouter parallelRouterKey="children" url="/" tree={[...]} childNodes={Map} ...>
                    <ClientPageRoot Component={function Home} searchParams={{}} params={{}}>
                      <Home params={Promise} searchParams={Promise}>
                        <Suspense fallback={<div>}>
                          <HomeContent>
                            <main
                              className="min-h-screen bg-[#05070a]"
-                             data-orchid-ref="ref-1jujj10vxx"
                            >
                              <HeroSection>
                                <section
                                  className="relative flex flex-col items-center pt-[56px] pb-[56px] px-[20px] md:px-[..."
- ...
2026-02-04T22:32:36.377Z [console][error] A tree hydrated but some attributes of the server rendered HTML didn't match the client properties. This won't be patched up. This can happen if a SSR-ed Client Component used:

- A server/client branch `if (typeof window !== 'undefined')`.
- Variable input such as `Date.now()` or `Math.random()` which changes each time it's called.
- Date formatting in a user's locale which doesn't match the server.
- External changing data without sending a snapshot of it along with the HTML.
- Invalid HTML tag nesting.

It can also happen if the client has a browser extension installed which messes with the HTML before React loaded.

%s%s https://react.dev/link/hydration-mismatch 

  ...
    <InnerScrollAndFocusHandler segmentPath={[...]} focusAndScrollRef={{apply:false, ...}}>
      <ErrorBoundary errorComponent={undefined} errorStyles={undefined} errorScripts={undefined}>
        <LoadingBoundary loading={null}>
          <HTTPAccessFallbackBoundary notFound={[...]} forbidden={undefined} unauthorized={undefined}>
            <HTTPAccessFallbackErrorBoundary pathname="/" notFound={[...]} forbidden={undefined} unauthorized={undefined} ...>
              <RedirectBoundary>
                <RedirectErrorBoundary router={{...}}>
                  <InnerLayoutRouter parallelRouterKey="children" url="/" tree={[...]} childNodes={Map} ...>
                    <ClientPageRoot Component={function Home} searchParams={{}} params={{}}>
                      <Home params={Promise} searchParams={Promise}>
                        <Suspense fallback={<div>}>
                          <HomeContent>
                            <main
                              className="min-h-screen bg-[#05070a]"
-                             data-orchid-ref="ref-1jujj10vxx"
                            >
                              <HeroSection>
                                <section
                                  className="relative flex flex-col items-center pt-[56px] pb-[56px] px-[20px] md:px-[..."
- ...
2026-02-04T22:32:37.172Z [console][error] A tree hydrated but some attributes of the server rendered HTML didn't match the client properties. This won't be patched up. This can happen if a SSR-ed Client Component used:

- A server/client branch `if (typeof window !== 'undefined')`.
- Variable input such as `Date.now()` or `Math.random()` which changes each time it's called.
- Date formatting in a user's locale which doesn't match the server.
- External changing data without sending a snapshot of it along with the HTML.
- Invalid HTML tag nesting.

It can also happen if the client has a browser extension installed which messes with the HTML before React loaded.

%s%s https://react.dev/link/hydration-mismatch 

  ...
    <InnerScrollAndFocusHandler segmentPath={[...]} focusAndScrollRef={{apply:false, ...}}>
      <ErrorBoundary errorComponent={undefined} errorStyles={undefined} errorScripts={undefined}>
        <LoadingBoundary loading={null}>
          <HTTPAccessFallbackBoundary notFound={[...]} forbidden={undefined} unauthorized={undefined}>
            <HTTPAccessFallbackErrorBoundary pathname="/" notFound={[...]} forbidden={undefined} unauthorized={undefined} ...>
              <RedirectBoundary>
                <RedirectErrorBoundary router={{...}}>
                  <InnerLayoutRouter parallelRouterKey="children" url="/" tree={[...]} childNodes={Map} ...>
                    <ClientPageRoot Component={function Home} searchParams={{}} params={{}}>
                      <Home params={Promise} searchParams={Promise}>
                        <Suspense fallback={<div>}>
                          <HomeContent>
                            <main
                              className="min-h-screen bg-[#05070a]"
-                             data-orchid-ref="ref-1jujj10vxx"
                            >
                              <HeroSection>
                                <section
                                  className="relative flex flex-col items-center pt-[56px] pb-[56px] px-[20px] md:px-[..."
- ...
2026-02-10T18:56:13.106Z [console][error] [Fast Refresh] performing full reload because your application had an unrecoverable error
2026-02-10T18:56:14.323Z [console][error] [Fast Refresh] performing full reload because your application had an unrecoverable error
2026-02-10T18:56:23.454Z [console][error] [Fast Refresh] performing full reload because your application had an unrecoverable error
2026-02-10T18:56:24.422Z [console][error] [Fast Refresh] performing full reload because your application had an unrecoverable error
2026-02-10T18:56:34.355Z [console][error] [Fast Refresh] performing full reload because your application had an unrecoverable error
2026-02-10T18:56:35.274Z [console][error] [Fast Refresh] performing full reload because your application had an unrecoverable error
2026-02-10T18:56:47.228Z [console][error] [Fast Refresh] performing full reload because your application had an unrecoverable error
2026-02-10T18:56:48.203Z [console][error] [Fast Refresh] performing full reload because your application had an unrecoverable error
2026-02-10T18:56:59.589Z [console][error] [Fast Refresh] performing full reload because your application had an unrecoverable error
2026-02-10T18:57:00.144Z [console][error] [Fast Refresh] performing full reload because your application had an unrecoverable error
2026-02-10T18:57:15.873Z [console][error] [Fast Refresh] performing full reload because your application had an unrecoverable error
2026-02-10T18:57:16.489Z [console][error] [Fast Refresh] performing full reload because your application had an unrecoverable error
2026-02-10T18:57:29.875Z [console][error] [Fast Refresh] performing full reload because your application had an unrecoverable error
2026-02-10T18:57:31.019Z [console][error] [Fast Refresh] performing full reload because your application had an unrecoverable error
2026-02-10T18:55:41.619Z [console][error] A tree hydrated but some attributes of the server rendered HTML didn't match the client properties. This won't be patched up. This can happen if a SSR-ed Client Component used:

- A server/client branch `if (typeof window !== 'undefined')`.
- Variable input such as `Date.now()` or `Math.random()` which changes each time it's called.
- Date formatting in a user's locale which doesn't match the server.
- External changing data without sending a snapshot of it along with the HTML.
- Invalid HTML tag nesting.

It can also happen if the client has a browser extension installed which messes with the HTML before React loaded.

%s%s https://react.dev/link/hydration-mismatch 

  ...
    <HotReload assetPrefix="">
      <ReactDevOverlay state={{nextId:1, ...}} dispatcher={{...}}>
        <DevRootHTTPAccessFallbackBoundary>
          <HTTPAccessFallbackBoundary notFound={<NotAllowedRootHTTPFallbackError>}>
            <HTTPAccessFallbackErrorBoundary pathname="/" notFound={<NotAllowedRootHTTPFallbackError>} ...>
              <RedirectBoundary>
                <RedirectErrorBoundary router={{...}}>
                  <Head>
                  <link>
                  <RootLayout>
                    <html lang="pt-BR">
                      <head>
                      <body
                        className="antialiased"
-                       data-orchid-ref="ref-kxnchhbmps"
                      >
                  ...
        ...

